
AVRASM ver. 2.1.30  E:\Sharonov\Work\CodeVisionAvr\Bpis_Load\List\bpis.asm Thu Jun 27 12:57:53 2013

E:\Sharonov\Work\CodeVisionAvr\Bpis_Load\List\bpis.asm(994): warning: Register r4 already defined by the .DEF directive
E:\Sharonov\Work\CodeVisionAvr\Bpis_Load\List\bpis.asm(995): warning: Register r5 already defined by the .DEF directive
E:\Sharonov\Work\CodeVisionAvr\Bpis_Load\List\bpis.asm(996): warning: Register r6 already defined by the .DEF directive
E:\Sharonov\Work\CodeVisionAvr\Bpis_Load\List\bpis.asm(997): warning: Register r7 already defined by the .DEF directive
E:\Sharonov\Work\CodeVisionAvr\Bpis_Load\List\bpis.asm(998): warning: Register r8 already defined by the .DEF directive
E:\Sharonov\Work\CodeVisionAvr\Bpis_Load\List\bpis.asm(999): warning: Register r10 already defined by the .DEF directive
E:\Sharonov\Work\CodeVisionAvr\Bpis_Load\List\bpis.asm(1000): warning: Register r12 already defined by the .DEF directive
                 
                 
                 ;CodeVisionAVR C Compiler V2.60 Evaluation
                 ;(C) Copyright 1998-2012 Pavel Haiduc, HP InfoTech s.r.l.
                 ;http://www.hpinfotech.com
                 
                 ;Chip type              : ATtiny13
                 ;Program type           : Application
                 ;Clock frequency        : 8,000000 MHz
                 ;Memory model           : Tiny
                 ;Optimize for           : Speed
                 ;(s)printf features     : int, width
                 ;(s)scanf features      : int, width
                 ;External RAM size      : 0
                 ;Data Stack size        : 16 byte(s)
                 ;Heap size              : 0 byte(s)
                 ;Promote 'char' to 'int': No
                 ;'char' is unsigned     : No
                 ;8 bit enums            : Yes
                 ;Global 'const' stored in FLASH: No
                 ;Enhanced function parameter passing: Yes
                 ;Automatic register allocation for global variables: On
                 ;Smart register allocation: Off
                 
                 	#pragma AVRPART ADMIN PART_NAME ATtiny13
                 	#pragma AVRPART MEMORY PROG_FLASH 1024
                 	#pragma AVRPART MEMORY EEPROM 64
                 	#pragma AVRPART MEMORY INT_SRAM SIZE 64
                 	#pragma AVRPART MEMORY INT_SRAM START_ADDR 0x60
                 
                 	.LISTMAC
                 	.EQU EERE=0x0
                 	.EQU EEWE=0x1
                 	.EQU EEMWE=0x2
                 	.EQU EECR=0x1C
                 	.EQU EEDR=0x1D
                 	.EQU EEARL=0x1E
                 
                 	.EQU WDTCR=0x21
                 	.EQU MCUSR=0x34
                 	.EQU MCUCR=0x35
                 	.EQU SPL=0x3D
                 	.EQU SREG=0x3F
                 
                 	.DEF R0X0=R0
                 	.DEF R0X1=R1
                 	.DEF R0X2=R2
                 	.DEF R0X3=R3
                 	.DEF R0X4=R4
                 	.DEF R0X5=R5
                 	.DEF R0X6=R6
                 	.DEF R0X7=R7
                 	.DEF R0X8=R8
                 	.DEF R0X9=R9
                 	.DEF R0XA=R10
                 	.DEF R0XB=R11
                 	.DEF R0XC=R12
                 	.DEF R0XD=R13
                 	.DEF R0XE=R14
                 	.DEF R0XF=R15
                 	.DEF R0X10=R16
                 	.DEF R0X11=R17
                 	.DEF R0X12=R18
                 	.DEF R0X13=R19
                 	.DEF R0X14=R20
                 	.DEF R0X15=R21
                 	.DEF R0X16=R22
                 	.DEF R0X17=R23
                 	.DEF R0X18=R24
                 	.DEF R0X19=R25
                 	.DEF R0X1A=R26
                 	.DEF R0X1B=R27
                 	.DEF R0X1C=R28
                 	.DEF R0X1D=R29
                 	.DEF R0X1E=R30
                 	.DEF R0X1F=R31
                 
                 	.EQU __SRAM_START=0x0060
                 	.EQU __SRAM_END=0x009F
                 	.EQU __DSTACK_SIZE=0x0010
                 	.EQU __HEAP_SIZE=0x0000
                 	.EQU __CLEAR_SRAM_SIZE=__SRAM_END-__SRAM_START+1
                 
                 	.MACRO __CPD1N
                 	CPI  R30,LOW(@0)
                 	LDI  R26,HIGH(@0)
                 	CPC  R31,R26
                 	LDI  R26,BYTE3(@0)
                 	CPC  R22,R26
                 	LDI  R26,BYTE4(@0)
                 	CPC  R23,R26
                 	.ENDM
                 
                 	.MACRO __CPD2N
                 	CPI  R26,LOW(@0)
                 	LDI  R30,HIGH(@0)
                 	CPC  R27,R30
                 	LDI  R30,BYTE3(@0)
                 	CPC  R24,R30
                 	LDI  R30,BYTE4(@0)
                 	CPC  R25,R30
                 	.ENDM
                 
                 	.MACRO __CPWRR
                 	CP   R@0,R@2
                 	CPC  R@1,R@3
                 	.ENDM
                 
                 	.MACRO __CPWRN
                 	CPI  R@0,LOW(@2)
                 	LDI  R30,HIGH(@2)
                 	CPC  R@1,R30
                 	.ENDM
                 
                 	.MACRO __ADDB1MN
                 	SUBI R30,LOW(-@0-(@1))
                 	.ENDM
                 
                 	.MACRO __ADDB2MN
                 	SUBI R26,LOW(-@0-(@1))
                 	.ENDM
                 
                 	.MACRO __ADDW1MN
                 	SUBI R30,LOW(-@0-(@1))
                 	SBCI R31,HIGH(-@0-(@1))
                 	.ENDM
                 
                 	.MACRO __ADDW2MN
                 	SUBI R26,LOW(-@0-(@1))
                 	SBCI R27,HIGH(-@0-(@1))
                 	.ENDM
                 
                 	.MACRO __ADDW1FN
                 	SUBI R30,LOW(-2*@0-(@1))
                 	SBCI R31,HIGH(-2*@0-(@1))
                 	.ENDM
                 
                 	.MACRO __ADDD1FN
                 	SUBI R30,LOW(-2*@0-(@1))
                 	SBCI R31,HIGH(-2*@0-(@1))
                 	SBCI R22,BYTE3(-2*@0-(@1))
                 	.ENDM
                 
                 	.MACRO __ADDD1N
                 	SUBI R30,LOW(-@0)
                 	SBCI R31,HIGH(-@0)
                 	SBCI R22,BYTE3(-@0)
                 	SBCI R23,BYTE4(-@0)
                 	.ENDM
                 
                 	.MACRO __ADDD2N
                 	SUBI R26,LOW(-@0)
                 	SBCI R27,HIGH(-@0)
                 	SBCI R24,BYTE3(-@0)
                 	SBCI R25,BYTE4(-@0)
                 	.ENDM
                 
                 	.MACRO __SUBD1N
                 	SUBI R30,LOW(@0)
                 	SBCI R31,HIGH(@0)
                 	SBCI R22,BYTE3(@0)
                 	SBCI R23,BYTE4(@0)
                 	.ENDM
                 
                 	.MACRO __SUBD2N
                 	SUBI R26,LOW(@0)
                 	SBCI R27,HIGH(@0)
                 	SBCI R24,BYTE3(@0)
                 	SBCI R25,BYTE4(@0)
                 	.ENDM
                 
                 	.MACRO __ANDBMNN
                 	LDS  R30,@0+(@1)
                 	ANDI R30,LOW(@2)
                 	STS  @0+(@1),R30
                 	.ENDM
                 
                 	.MACRO __ANDWMNN
                 	LDS  R30,@0+(@1)
                 	ANDI R30,LOW(@2)
                 	STS  @0+(@1),R30
                 	LDS  R30,@0+(@1)+1
                 	ANDI R30,HIGH(@2)
                 	STS  @0+(@1)+1,R30
                 	.ENDM
                 
                 	.MACRO __ANDD1N
                 	ANDI R30,LOW(@0)
                 	ANDI R31,HIGH(@0)
                 	ANDI R22,BYTE3(@0)
                 	ANDI R23,BYTE4(@0)
                 	.ENDM
                 
                 	.MACRO __ANDD2N
                 	ANDI R26,LOW(@0)
                 	ANDI R27,HIGH(@0)
                 	ANDI R24,BYTE3(@0)
                 	ANDI R25,BYTE4(@0)
                 	.ENDM
                 
                 	.MACRO __ORBMNN
                 	LDS  R30,@0+(@1)
                 	ORI  R30,LOW(@2)
                 	STS  @0+(@1),R30
                 	.ENDM
                 
                 	.MACRO __ORWMNN
                 	LDS  R30,@0+(@1)
                 	ORI  R30,LOW(@2)
                 	STS  @0+(@1),R30
                 	LDS  R30,@0+(@1)+1
                 	ORI  R30,HIGH(@2)
                 	STS  @0+(@1)+1,R30
                 	.ENDM
                 
                 	.MACRO __ORD1N
                 	ORI  R30,LOW(@0)
                 	ORI  R31,HIGH(@0)
                 	ORI  R22,BYTE3(@0)
                 	ORI  R23,BYTE4(@0)
                 	.ENDM
                 
                 	.MACRO __ORD2N
                 	ORI  R26,LOW(@0)
                 	ORI  R27,HIGH(@0)
                 	ORI  R24,BYTE3(@0)
                 	ORI  R25,BYTE4(@0)
                 	.ENDM
                 
                 	.MACRO __DELAY_USB
                 	LDI  R24,LOW(@0)
                 __DELAY_USB_LOOP:
                 	DEC  R24
                 	BRNE __DELAY_USB_LOOP
                 	.ENDM
                 
                 	.MACRO __DELAY_USW
                 	LDI  R24,LOW(@0)
                 	LDI  R25,HIGH(@0)
                 __DELAY_USW_LOOP:
                 	SBIW R24,1
                 	BRNE __DELAY_USW_LOOP
                 	.ENDM
                 
                 	.MACRO __GETD1S
                 	LDD  R30,Y+@0
                 	LDD  R31,Y+@0+1
                 	LDD  R22,Y+@0+2
                 	LDD  R23,Y+@0+3
                 	.ENDM
                 
                 	.MACRO __GETD2S
                 	LDD  R26,Y+@0
                 	LDD  R27,Y+@0+1
                 	LDD  R24,Y+@0+2
                 	LDD  R25,Y+@0+3
                 	.ENDM
                 
                 	.MACRO __PUTD1S
                 	STD  Y+@0,R30
                 	STD  Y+@0+1,R31
                 	STD  Y+@0+2,R22
                 	STD  Y+@0+3,R23
                 	.ENDM
                 
                 	.MACRO __PUTD2S
                 	STD  Y+@0,R26
                 	STD  Y+@0+1,R27
                 	STD  Y+@0+2,R24
                 	STD  Y+@0+3,R25
                 	.ENDM
                 
                 	.MACRO __PUTDZ2
                 	STD  Z+@0,R26
                 	STD  Z+@0+1,R27
                 	STD  Z+@0+2,R24
                 	STD  Z+@0+3,R25
                 	.ENDM
                 
                 	.MACRO __CLRD1S
                 	STD  Y+@0,R30
                 	STD  Y+@0+1,R30
                 	STD  Y+@0+2,R30
                 	STD  Y+@0+3,R30
                 	.ENDM
                 
                 	.MACRO __POINTB1MN
                 	LDI  R30,LOW(@0+(@1))
                 	.ENDM
                 
                 	.MACRO __POINTW1MN
                 	LDI  R30,LOW(@0+(@1))
                 	LDI  R31,HIGH(@0+(@1))
                 	.ENDM
                 
                 	.MACRO __POINTD1M
                 	LDI  R30,LOW(@0)
                 	LDI  R31,HIGH(@0)
                 	LDI  R22,BYTE3(@0)
                 	LDI  R23,BYTE4(@0)
                 	.ENDM
                 
                 	.MACRO __POINTW1FN
                 	LDI  R30,LOW(2*@0+(@1))
                 	LDI  R31,HIGH(2*@0+(@1))
                 	.ENDM
                 
                 	.MACRO __POINTD1FN
                 	LDI  R30,LOW(2*@0+(@1))
                 	LDI  R31,HIGH(2*@0+(@1))
                 	LDI  R22,BYTE3(2*@0+(@1))
                 	LDI  R23,BYTE4(2*@0+(@1))
                 	.ENDM
                 
                 	.MACRO __POINTB2MN
                 	LDI  R26,LOW(@0+(@1))
                 	.ENDM
                 
                 	.MACRO __POINTW2MN
                 	LDI  R26,LOW(@0+(@1))
                 	LDI  R27,HIGH(@0+(@1))
                 	.ENDM
                 
                 	.MACRO __POINTW2FN
                 	LDI  R26,LOW(2*@0+(@1))
                 	LDI  R27,HIGH(2*@0+(@1))
                 	.ENDM
                 
                 	.MACRO __POINTD2FN
                 	LDI  R26,LOW(2*@0+(@1))
                 	LDI  R27,HIGH(2*@0+(@1))
                 	LDI  R24,BYTE3(2*@0+(@1))
                 	LDI  R25,BYTE4(2*@0+(@1))
                 	.ENDM
                 
                 	.MACRO __POINTBRM
                 	LDI  R@0,LOW(@1)
                 	.ENDM
                 
                 	.MACRO __POINTWRM
                 	LDI  R@0,LOW(@2)
                 	LDI  R@1,HIGH(@2)
                 	.ENDM
                 
                 	.MACRO __POINTBRMN
                 	LDI  R@0,LOW(@1+(@2))
                 	.ENDM
                 
                 	.MACRO __POINTWRMN
                 	LDI  R@0,LOW(@2+(@3))
                 	LDI  R@1,HIGH(@2+(@3))
                 	.ENDM
                 
                 	.MACRO __POINTWRFN
                 	LDI  R@0,LOW(@2*2+(@3))
                 	LDI  R@1,HIGH(@2*2+(@3))
                 	.ENDM
                 
                 	.MACRO __GETD1N
                 	LDI  R30,LOW(@0)
                 	LDI  R31,HIGH(@0)
                 	LDI  R22,BYTE3(@0)
                 	LDI  R23,BYTE4(@0)
                 	.ENDM
                 
                 	.MACRO __GETD2N
                 	LDI  R26,LOW(@0)
                 	LDI  R27,HIGH(@0)
                 	LDI  R24,BYTE3(@0)
                 	LDI  R25,BYTE4(@0)
                 	.ENDM
                 
                 	.MACRO __GETB1MN
                 	LDS  R30,@0+(@1)
                 	.ENDM
                 
                 	.MACRO __GETB1HMN
                 	LDS  R31,@0+(@1)
                 	.ENDM
                 
                 	.MACRO __GETW1MN
                 	LDS  R30,@0+(@1)
                 	LDS  R31,@0+(@1)+1
                 	.ENDM
                 
                 	.MACRO __GETD1MN
                 	LDS  R30,@0+(@1)
                 	LDS  R31,@0+(@1)+1
                 	LDS  R22,@0+(@1)+2
                 	LDS  R23,@0+(@1)+3
                 	.ENDM
                 
                 	.MACRO __GETBRMN
                 	LDS  R@0,@1+(@2)
                 	.ENDM
                 
                 	.MACRO __GETWRMN
                 	LDS  R@0,@2+(@3)
                 	LDS  R@1,@2+(@3)+1
                 	.ENDM
                 
                 	.MACRO __GETWRZ
                 	LDD  R@0,Z+@2
                 	LDD  R@1,Z+@2+1
                 	.ENDM
                 
                 	.MACRO __GETD2Z
                 	LDD  R26,Z+@0
                 	LDD  R27,Z+@0+1
                 	LDD  R24,Z+@0+2
                 	LDD  R25,Z+@0+3
                 	.ENDM
                 
                 	.MACRO __GETB2MN
                 	LDS  R26,@0+(@1)
                 	.ENDM
                 
                 	.MACRO __GETW2MN
                 	LDS  R26,@0+(@1)
                 	LDS  R27,@0+(@1)+1
                 	.ENDM
                 
                 	.MACRO __GETD2MN
                 	LDS  R26,@0+(@1)
                 	LDS  R27,@0+(@1)+1
                 	LDS  R24,@0+(@1)+2
                 	LDS  R25,@0+(@1)+3
                 	.ENDM
                 
                 	.MACRO __PUTB1MN
                 	STS  @0+(@1),R30
                 	.ENDM
                 
                 	.MACRO __PUTW1MN
                 	STS  @0+(@1),R30
                 	STS  @0+(@1)+1,R31
                 	.ENDM
                 
                 	.MACRO __PUTD1MN
                 	STS  @0+(@1),R30
                 	STS  @0+(@1)+1,R31
                 	STS  @0+(@1)+2,R22
                 	STS  @0+(@1)+3,R23
                 	.ENDM
                 
                 	.MACRO __PUTB1EN
                 	LDI  R26,LOW(@0+(@1))
                 	LDI  R27,HIGH(@0+(@1))
                 	RCALL __EEPROMWRB
                 	.ENDM
                 
                 	.MACRO __PUTW1EN
                 	LDI  R26,LOW(@0+(@1))
                 	LDI  R27,HIGH(@0+(@1))
                 	RCALL __EEPROMWRW
                 	.ENDM
                 
                 	.MACRO __PUTD1EN
                 	LDI  R26,LOW(@0+(@1))
                 	LDI  R27,HIGH(@0+(@1))
                 	RCALL __EEPROMWRD
                 	.ENDM
                 
                 	.MACRO __PUTBR0MN
                 	STS  @0+(@1),R0
                 	.ENDM
                 
                 	.MACRO __PUTBMRN
                 	STS  @0+(@1),R@2
                 	.ENDM
                 
                 	.MACRO __PUTWMRN
                 	STS  @0+(@1),R@2
                 	STS  @0+(@1)+1,R@3
                 	.ENDM
                 
                 	.MACRO __PUTBZR
                 	STD  Z+@1,R@0
                 	.ENDM
                 
                 	.MACRO __PUTWZR
                 	STD  Z+@2,R@0
                 	STD  Z+@2+1,R@1
                 	.ENDM
                 
                 	.MACRO __GETW1R
                 	MOV  R30,R@0
                 	MOV  R31,R@1
                 	.ENDM
                 
                 	.MACRO __GETW2R
                 	MOV  R26,R@0
                 	MOV  R27,R@1
                 	.ENDM
                 
                 	.MACRO __GETWRN
                 	LDI  R@0,LOW(@2)
                 	LDI  R@1,HIGH(@2)
                 	.ENDM
                 
                 	.MACRO __PUTW1R
                 	MOV  R@0,R30
                 	MOV  R@1,R31
                 	.ENDM
                 
                 	.MACRO __PUTW2R
                 	MOV  R@0,R26
                 	MOV  R@1,R27
                 	.ENDM
                 
                 	.MACRO __ADDWRN
                 	SUBI R@0,LOW(-@2)
                 	SBCI R@1,HIGH(-@2)
                 	.ENDM
                 
                 	.MACRO __ADDWRR
                 	ADD  R@0,R@2
                 	ADC  R@1,R@3
                 	.ENDM
                 
                 	.MACRO __SUBWRN
                 	SUBI R@0,LOW(@2)
                 	SBCI R@1,HIGH(@2)
                 	.ENDM
                 
                 	.MACRO __SUBWRR
                 	SUB  R@0,R@2
                 	SBC  R@1,R@3
                 	.ENDM
                 
                 	.MACRO __ANDWRN
                 	ANDI R@0,LOW(@2)
                 	ANDI R@1,HIGH(@2)
                 	.ENDM
                 
                 	.MACRO __ANDWRR
                 	AND  R@0,R@2
                 	AND  R@1,R@3
                 	.ENDM
                 
                 	.MACRO __ORWRN
                 	ORI  R@0,LOW(@2)
                 	ORI  R@1,HIGH(@2)
                 	.ENDM
                 
                 	.MACRO __ORWRR
                 	OR   R@0,R@2
                 	OR   R@1,R@3
                 	.ENDM
                 
                 	.MACRO __EORWRR
                 	EOR  R@0,R@2
                 	EOR  R@1,R@3
                 	.ENDM
                 
                 	.MACRO __GETWRS
                 	LDD  R@0,Y+@2
                 	LDD  R@1,Y+@2+1
                 	.ENDM
                 
                 	.MACRO __PUTBSR
                 	STD  Y+@1,R@0
                 	.ENDM
                 
                 	.MACRO __PUTWSR
                 	STD  Y+@2,R@0
                 	STD  Y+@2+1,R@1
                 	.ENDM
                 
                 	.MACRO __MOVEWRR
                 	MOV  R@0,R@2
                 	MOV  R@1,R@3
                 	.ENDM
                 
                 	.MACRO __INWR
                 	IN   R@0,@2
                 	IN   R@1,@2+1
                 	.ENDM
                 
                 	.MACRO __OUTWR
                 	OUT  @2+1,R@1
                 	OUT  @2,R@0
                 	.ENDM
                 
                 	.MACRO __CALL1MN
                 	LDS  R30,@0+(@1)
                 	LDS  R31,@0+(@1)+1
                 	ICALL
                 	.ENDM
                 
                 	.MACRO __CALL1FN
                 	LDI  R30,LOW(2*@0+(@1))
                 	LDI  R31,HIGH(2*@0+(@1))
                 	RCALL __GETW1PF
                 	ICALL
                 	.ENDM
                 
                 	.MACRO __CALL2EN
                 	LDI  R26,LOW(@0+(@1))
                 	LDI  R27,HIGH(@0+(@1))
                 	RCALL __EEPROMRDW
                 	ICALL
                 	.ENDM
                 
                 	.MACRO __GETW1STACK
                 	IN   R26,SPL
                 	IN   R27,SPH
                 	ADIW R26,@0+1
                 	LD   R30,X+
                 	LD   R31,X
                 	.ENDM
                 
                 	.MACRO __GETD1STACK
                 	IN   R26,SPL
                 	IN   R27,SPH
                 	ADIW R26,@0+1
                 	LD   R30,X+
                 	LD   R31,X+
                 	LD   R22,X
                 	.ENDM
                 
                 	.MACRO __NBST
                 	BST  R@0,@1
                 	IN   R30,SREG
                 	LDI  R31,0x40
                 	EOR  R30,R31
                 	OUT  SREG,R30
                 	.ENDM
                 
                 
                 	.MACRO __PUTB1SN
                 	LDD  R26,Y+@0
                 	SUBI R26,-@1
                 	ST   X,R30
                 	.ENDM
                 
                 	.MACRO __PUTW1SN
                 	LDD  R26,Y+@0
                 	SUBI R26,-@1
                 	ST   X+,R30
                 	ST   X,R31
                 	.ENDM
                 
                 	.MACRO __PUTD1SN
                 	LDD  R26,Y+@0
                 	SUBI R26,-@1
                 	RCALL __PUTDP1
                 	.ENDM
                 
                 	.MACRO __PUTB1SNS
                 	LDD  R26,Y+@0
                 	SUBI R26,-@1
                 	ST   X,R30
                 	.ENDM
                 
                 	.MACRO __PUTW1SNS
                 	LDD  R26,Y+@0
                 	SUBI R26,-@1
                 	ST   X+,R30
                 	ST   X,R31
                 	.ENDM
                 
                 	.MACRO __PUTD1SNS
                 	LDD  R26,Y+@0
                 	SUBI R26,-@1
                 	RCALL __PUTDP1
                 	.ENDM
                 
                 	.MACRO __PUTB1RN
                 	MOV  R26,R@0
                 	SUBI R26,-@1
                 	ST   X,R30
                 	.ENDM
                 
                 	.MACRO __PUTW1RN
                 	MOV  R26,R@0
                 	SUBI R26,-@1
                 	ST   X+,R30
                 	ST   X,R31
                 	.ENDM
                 
                 	.MACRO __PUTD1RN
                 	MOV  R26,R@0
                 	SUBI R26,-@1
                 	RCALL __PUTDP1
                 	.ENDM
                 
                 	.MACRO __PUTB1RNS
                 	MOV  R26,R@0
                 	SUBI R26,-@1
                 	ST   X,R30
                 	.ENDM
                 
                 	.MACRO __PUTW1RNS
                 	MOV  R26,R@0
                 	SUBI R26,-@1
                 	ST   X+,R30
                 	ST   X,R31
                 	.ENDM
                 
                 	.MACRO __PUTD1RNS
                 	MOV  R26,R@0
                 	SUBI R26,-@1
                 	RCALL __PUTDP1
                 	.ENDM
                 
                 	.MACRO __PUTB1PMN
                 	LDS  R26,@0
                 	SUBI R26,-@1
                 	ST   X,R30
                 	.ENDM
                 
                 	.MACRO __PUTW1PMN
                 	LDS  R26,@0
                 	SUBI R26,-@1
                 	ST   X+,R30
                 	ST   X,R31
                 	.ENDM
                 
                 	.MACRO __PUTD1PMN
                 	LDS  R26,@0
                 	SUBI R26,-@1
                 	RCALL __PUTDP1
                 	.ENDM
                 
                 	.MACRO __PUTB1PMNS
                 	LDS  R26,@0
                 	SUBI R26,-@1
                 	ST   X,R30
                 	.ENDM
                 
                 	.MACRO __PUTW1PMNS
                 	LDS  R26,@0
                 	SUBI R26,-@1
                 	ST   X+,R30
                 	ST   X,R31
                 	.ENDM
                 
                 	.MACRO __PUTD1PMNS
                 	LDS  R26,@0
                 	SUBI R26,-@1
                 	RCALL __PUTDP1
                 	.ENDM
                 
                 	.MACRO __GETB1SX
                 	MOV  R30,R28
                 	MOV  R31,R29
                 	SUBI R30,LOW(-@0)
                 	SBCI R31,HIGH(-@0)
                 	LD   R30,Z
                 	.ENDM
                 
                 	.MACRO __GETB1HSX
                 	MOV  R30,R28
                 	MOV  R31,R29
                 	SUBI R30,LOW(-@0)
                 	SBCI R31,HIGH(-@0)
                 	LD   R31,Z
                 	.ENDM
                 
                 	.MACRO __GETW1SX
                 	MOV  R30,R28
                 	MOV  R31,R29
                 	SUBI R30,LOW(-@0)
                 	SBCI R31,HIGH(-@0)
                 	LD   R0,Z+
                 	LD   R31,Z
                 	MOV  R30,R0
                 	.ENDM
                 
                 	.MACRO __GETD1SX
                 	MOV  R30,R28
                 	MOV  R31,R29
                 	SUBI R30,LOW(-@0)
                 	SBCI R31,HIGH(-@0)
                 	LD   R0,Z+
                 	LD   R1,Z+
                 	LD   R22,Z+
                 	LD   R23,Z
                 	MOV  R30,R0
                 	MOV  R31,R1
                 	.ENDM
                 
                 	.MACRO __GETB2SX
                 	MOV  R26,R28
                 	MOV  R27,R29
                 	SUBI R26,LOW(-@0)
                 	SBCI R27,HIGH(-@0)
                 	LD   R26,X
                 	.ENDM
                 
                 	.MACRO __GETW2SX
                 	MOV  R26,R28
                 	MOV  R27,R29
                 	SUBI R26,LOW(-@0)
                 	SBCI R27,HIGH(-@0)
                 	LD   R0,X+
                 	LD   R27,X
                 	MOV  R26,R0
                 	.ENDM
                 
                 	.MACRO __GETD2SX
                 	MOV  R26,R28
                 	MOV  R27,R29
                 	SUBI R26,LOW(-@0)
                 	SBCI R27,HIGH(-@0)
                 	LD   R0,X+
                 	LD   R1,X+
                 	LD   R24,X+
                 	LD   R25,X
                 	MOV  R26,R0
                 	MOV  R27,R1
                 	.ENDM
                 
                 	.MACRO __GETBRSX
                 	MOV  R30,R28
                 	MOV  R31,R29
                 	SUBI R30,LOW(-@1)
                 	SBCI R31,HIGH(-@1)
                 	LD   R@0,Z
                 	.ENDM
                 
                 	.MACRO __GETWRSX
                 	MOV  R30,R28
                 	MOV  R31,R29
                 	SUBI R30,LOW(-@2)
                 	SBCI R31,HIGH(-@2)
                 	LD   R@0,Z+
                 	LD   R@1,Z
                 	.ENDM
                 
                 	.MACRO __GETBRSX2
                 	MOV  R26,R28
                 	MOV  R27,R29
                 	SUBI R26,LOW(-@1)
                 	SBCI R27,HIGH(-@1)
                 	LD   R@0,X
                 	.ENDM
                 
                 	.MACRO __GETWRSX2
                 	MOV  R26,R28
                 	MOV  R27,R29
                 	SUBI R26,LOW(-@2)
                 	SBCI R27,HIGH(-@2)
                 	LD   R@0,X+
                 	LD   R@1,X
                 	.ENDM
                 
                 	.MACRO __LSLW8SX
                 	MOV  R30,R28
                 	MOV  R31,R29
                 	SUBI R30,LOW(-@0)
                 	SBCI R31,HIGH(-@0)
                 	LD   R31,Z
                 	CLR  R30
                 	.ENDM
                 
                 	.MACRO __PUTB1SX
                 	MOV  R26,R28
                 	MOV  R27,R29
                 	SUBI R26,LOW(-@0)
                 	SBCI R27,HIGH(-@0)
                 	ST   X,R30
                 	.ENDM
                 
                 	.MACRO __PUTW1SX
                 	MOV  R26,R28
                 	MOV  R27,R29
                 	SUBI R26,LOW(-@0)
                 	SBCI R27,HIGH(-@0)
                 	ST   X+,R30
                 	ST   X,R31
                 	.ENDM
                 
                 	.MACRO __PUTD1SX
                 	MOV  R26,R28
                 	MOV  R27,R29
                 	SUBI R26,LOW(-@0)
                 	SBCI R27,HIGH(-@0)
                 	ST   X+,R30
                 	ST   X+,R31
                 	ST   X+,R22
                 	ST   X,R23
                 	.ENDM
                 
                 	.MACRO __CLRW1SX
                 	MOV  R26,R28
                 	MOV  R27,R29
                 	SUBI R26,LOW(-@0)
                 	SBCI R27,HIGH(-@0)
                 	ST   X+,R30
                 	ST   X,R30
                 	.ENDM
                 
                 	.MACRO __CLRD1SX
                 	MOV  R26,R28
                 	MOV  R27,R29
                 	SUBI R26,LOW(-@0)
                 	SBCI R27,HIGH(-@0)
                 	ST   X+,R30
                 	ST   X+,R30
                 	ST   X+,R30
                 	ST   X,R30
                 	.ENDM
                 
                 	.MACRO __PUTB2SX
                 	MOV  R30,R28
                 	MOV  R31,R29
                 	SUBI R30,LOW(-@0)
                 	SBCI R31,HIGH(-@0)
                 	ST   Z,R26
                 	.ENDM
                 
                 	.MACRO __PUTW2SX
                 	MOV  R30,R28
                 	MOV  R31,R29
                 	SUBI R30,LOW(-@0)
                 	SBCI R31,HIGH(-@0)
                 	ST   Z+,R26
                 	ST   Z,R27
                 	.ENDM
                 
                 	.MACRO __PUTD2SX
                 	MOV  R30,R28
                 	MOV  R31,R29
                 	SUBI R30,LOW(-@0)
                 	SBCI R31,HIGH(-@0)
                 	ST   Z+,R26
                 	ST   Z+,R27
                 	ST   Z+,R24
                 	ST   Z,R25
                 	.ENDM
                 
                 	.MACRO __PUTBSRX
                 	MOV  R30,R28
                 	MOV  R31,R29
                 	SUBI R30,LOW(-@1)
                 	SBCI R31,HIGH(-@1)
                 	ST   Z,R@0
                 	.ENDM
                 
                 	.MACRO __PUTWSRX
                 	MOV  R30,R28
                 	MOV  R31,R29
                 	SUBI R30,LOW(-@2)
                 	SBCI R31,HIGH(-@2)
                 	ST   Z+,R@0
                 	ST   Z,R@1
                 	.ENDM
                 
                 	.MACRO __PUTB1SNX
                 	MOV  R26,R28
                 	MOV  R27,R29
                 	SUBI R26,LOW(-@0)
                 	SBCI R27,HIGH(-@0)
                 	LD   R0,X+
                 	LD   R27,X
                 	MOV  R26,R0
                 	SUBI R26,LOW(-@1)
                 	SBCI R27,HIGH(-@1)
                 	ST   X,R30
                 	.ENDM
                 
                 	.MACRO __PUTW1SNX
                 	MOV  R26,R28
                 	MOV  R27,R29
                 	SUBI R26,LOW(-@0)
                 	SBCI R27,HIGH(-@0)
                 	LD   R0,X+
                 	LD   R27,X
                 	MOV  R26,R0
                 	SUBI R26,LOW(-@1)
                 	SBCI R27,HIGH(-@1)
                 	ST   X+,R30
                 	ST   X,R31
                 	.ENDM
                 
                 	.MACRO __PUTD1SNX
                 	MOV  R26,R28
                 	MOV  R27,R29
                 	SUBI R26,LOW(-@0)
                 	SBCI R27,HIGH(-@0)
                 	LD   R0,X+
                 	LD   R27,X
                 	MOV  R26,R0
                 	SUBI R26,LOW(-@1)
                 	SBCI R27,HIGH(-@1)
                 	ST   X+,R30
                 	ST   X+,R31
                 	ST   X+,R22
                 	ST   X,R23
                 	.ENDM
                 
                 ;NAME DEFINITIONS FOR GLOBAL VARIABLES ALLOCATED TO REGISTERS
                 	.DEF _tuner_start_vol=R4
                 	.DEF _tuner_end_vol=R5
                 	.DEF _adc_vol_1800ma=R6
                 	.DEF _i=R7
                 	.DEF _key1_pressed_counter=R8
                 	.DEF _key2_pressed_counter=R10
                 	.DEF _Iout=R12
                 
                 	.CSEG
                 	.ORG 0x00
                 
                 ;START OF CODE MARKER
                 __START_OF_CODE:
                 
                 ;INTERRUPT VECTORS
000000 c017      	RJMP __RESET
000001 cffe      	RJMP 0x00
000002 cffd      	RJMP 0x00
000003 cffc      	RJMP 0x00
000004 cffb      	RJMP 0x00
000005 cffa      	RJMP 0x00
000006 cff9      	RJMP 0x00
000007 cff8      	RJMP 0x00
000008 cff7      	RJMP 0x00
000009 cff6      	RJMP 0x00
                 
                 ;GLOBAL REGISTER VARIABLES INITIALIZATION
                 __REG_VARS:
00000a c855
00000b 008e      	.DB  0x55,0xC8,0x8E,0x0
00000c 0000
00000d 0000      	.DB  0x0,0x0,0x0,0x0
                 
                 _0x3:
E:\Sharonov\Work\CodeVisionAvr\Bpis_Load\List\bpis.asm(1026): warning: .cseg .db misalignment - padding zero byte
00000e 0001      	.DB  0x1
                 _0x4:
E:\Sharonov\Work\CodeVisionAvr\Bpis_Load\List\bpis.asm(1028): warning: .cseg .db misalignment - padding zero byte
00000f 000f      	.DB  0xF
                 _0x5:
E:\Sharonov\Work\CodeVisionAvr\Bpis_Load\List\bpis.asm(1030): warning: .cseg .db misalignment - padding zero byte
000010 0001      	.DB  0x1
                 _0x6:
E:\Sharonov\Work\CodeVisionAvr\Bpis_Load\List\bpis.asm(1032): warning: .cseg .db misalignment - padding zero byte
000011 000a      	.DB  0xA
                 _0x7:
E:\Sharonov\Work\CodeVisionAvr\Bpis_Load\List\bpis.asm(1034): warning: .cseg .db misalignment - padding zero byte
000012 0032      	.DB  0x32
                 _0x8:
E:\Sharonov\Work\CodeVisionAvr\Bpis_Load\List\bpis.asm(1036): warning: .cseg .db misalignment - padding zero byte
000013 000a      	.DB  0xA
                 
                 __GLOBAL_INI_TBL:
000014 0008      	.DW  0x08
000015 0004      	.DW  0x04
000016 0014      	.DW  __REG_VARS*2
                 
                 _0xFFFFFFFF:
000017 0000      	.DW  0
                 
                 __RESET:
000018 94f8      	CLI
000019 27ee      	CLR  R30
00001a bbec      	OUT  EECR,R30
00001b bfe5      	OUT  MCUCR,R30
                 
                 ;DISABLE WATCHDOG
00001c e1f8      	LDI  R31,0x18
00001d b7a4      	IN   R26,MCUSR
00001e 7fa7      	CBR  R26,8
00001f bfa4      	OUT  MCUSR,R26
000020 bdf1      	OUT  WDTCR,R31
000021 bde1      	OUT  WDTCR,R30
                 
                 ;CLEAR R2-R14
000022 e08d      	LDI  R24,(14-2)+1
000023 e0a2      	LDI  R26,2
                 __CLEAR_REG:
000024 93ed      	ST   X+,R30
000025 958a      	DEC  R24
000026 f7e9      	BRNE __CLEAR_REG
                 
                 ;CLEAR SRAM
000027 e480      	LDI  R24,__CLEAR_SRAM_SIZE
000028 e6a0      	LDI  R26,__SRAM_START
                 __CLEAR_SRAM:
000029 93ed      	ST   X+,R30
00002a 958a      	DEC  R24
00002b f7e9      	BRNE __CLEAR_SRAM
                 
                 ;GLOBAL VARIABLES INITIALIZATION
00002c e2e8      	LDI  R30,LOW(__GLOBAL_INI_TBL*2)
00002d e0f0      	LDI  R31,HIGH(__GLOBAL_INI_TBL*2)
                 __GLOBAL_INI_NEXT:
00002e 95c8      	LPM
00002f 9631      	ADIW R30,1
000030 2d80      	MOV  R24,R0
000031 95c8      	LPM
000032 9631      	ADIW R30,1
000033 2d90      	MOV  R25,R0
000034 9700      	SBIW R24,0
000035 f0b9      	BREQ __GLOBAL_INI_END
000036 95c8      	LPM
000037 9631      	ADIW R30,1
000038 2da0      	MOV  R26,R0
000039 95c8      	LPM
00003a 9631      	ADIW R30,1
00003b 2db0      	MOV  R27,R0
00003c 95c8      	LPM
00003d 9631      	ADIW R30,1
00003e 2c10      	MOV  R1,R0
00003f 95c8      	LPM
000040 9631      	ADIW R30,1
000041 2f6e      	MOV  R22,R30
000042 2f7f      	MOV  R23,R31
000043 2df0      	MOV  R31,R0
000044 2de1      	MOV  R30,R1
                 __GLOBAL_INI_LOOP:
000045 95c8      	LPM
000046 9631      	ADIW R30,1
000047 920d      	ST   X+,R0
000048 9701      	SBIW R24,1
000049 f7d9      	BRNE __GLOBAL_INI_LOOP
00004a 2fe6      	MOV  R30,R22
00004b 2ff7      	MOV  R31,R23
00004c cfe1      	RJMP __GLOBAL_INI_NEXT
                 __GLOBAL_INI_END:
                 
                 ;HARDWARE STACK POINTER INITIALIZATION
00004d e9ef      	LDI  R30,LOW(__SRAM_END-__HEAP_SIZE)
00004e bfed      	OUT  SPL,R30
                 
                 ;DATA STACK POINTER INITIALIZATION
00004f e7c0      	LDI  R28,LOW(__SRAM_START+__DSTACK_SIZE)
                 
000050 c079      	RJMP _main
                 
                 	.ESEG
                 	.ORG 0
                 
                 	.DSEG
                 	.ORG 0x70
                 
                 	.CSEG
                 ;/*******************************************************
                 ;This program was created by the
                 ;CodeWizardAVR V2.60 Evaluation
                 ;Automatic Program Generator
                 ;© Copyright 1998-2012 Pavel Haiduc, HP InfoTech s.r.l.
                 ;http://www.hpinfotech.com
                 ;
                 ;Project :
                 ;Version :
                 ;Date    : 01.10.2012
                 ;Author  :
                 ;Company :
                 ;Comments:
                 ;
                 ;
                 ;Chip type               : ATtiny13
                 ;AVR Core Clock frequency: 9,600000 MHz
                 ;Memory model            : Tiny
                 ;External RAM size       : 0
                 ;Data Stack size         : 16
                 ;*******************************************************/
                 ;
                 ;#include <tiny13.h>
                 	#ifndef __SLEEP_DEFINED__
                 	#define __SLEEP_DEFINED__
                 	.EQU __se_bit=0x20
                 	.EQU __sm_mask=0x18
                 	.EQU __sm_adc_noise_red=0x08
                 	.EQU __sm_powerdown=0x10
                 	.SET power_ctrl_reg=mcucr
                 	#endif
                 ;#include <delay.h>
                 ;
                 ;// Declare your global variables here
                 ;
                 ;#define LED PORTB.4
                 ;
                 ;const char corr=1;   //Коррекция при настройке максимума тока (шаг назад)
                 
                 	.DSEG
                 ;const int key_pressed_counter_max=15;
                 ;const int key_pressed_counter_min=1;
                 ;const int main_delay=10;        //задержка в основном цикле программы
                 ;unsigned char tuner_start_vol=85;     //начальное значение ШИМ при настройке тока
                 ;unsigned char tuner_end_vol=200;    //конечное значение ШИМ при настройке тока
                 ;const int tune_delay=50;   //задержка при настройке тока
                 ;unsigned char adc_vol_1800ma=142;//значение ADC при 1,8А (подбирается опытным путем)
                 ;//130=1.7A; 140=1.8A
                 ;const unsigned char rise_limit=10;//предел спада тока при настройке на максимум (в значениях ADC)
                 ;
                 ;unsigned char i; //итератор
                 ;int key1_pressed_counter=0;//считает, как долго нажата кнопка 1
                 ;int key2_pressed_counter=0;//считает, как долго нажата кнопка 1
                 ;
                 ;unsigned char Iout;
                 ;
                 ;#define ADC_VREF_TYPE ((1<<REFS0) | (1<<ADLAR))
                 ;
                 ;// Read the 8 most significant bits
                 ;// of the AD conversion result
                 ;unsigned char read_adc(unsigned char adc_input)
                 ; 0000 0034 {
                 
                 	.CSEG
                 _read_adc:
                 ; .FSTART _read_adc
                 ; 0000 0035 ADMUX=adc_input | ADC_VREF_TYPE;
000051 93aa      	ST   -Y,R26
                 ;	adc_input -> Y+0
000052 81e8      	LD   R30,Y
000053 66e0      	ORI  R30,LOW(0x60)
000054 b9e7      	OUT  0x7,R30
                 ; 0000 0036 // Delay needed for the stabilization of the ADC input voltage
                 ; 0000 0037 delay_us(10);
                +
000055 e18b     +LDI R24 , LOW ( 27 )
                +__DELAY_USB_LOOP :
000056 958a     +DEC R24
000057 f7f1     +BRNE __DELAY_USB_LOOP
                 	__DELAY_USB 27
                 ; 0000 0038 // Start the AD conversion
                 ; 0000 0039 ADCSRA|=(1<<ADSC);
000058 9a36      	SBI  0x6,6
                 ; 0000 003A // Wait for the AD conversion to complete
                 ; 0000 003B while ((ADCSRA & (1<<ADIF))==0);
                 _0x9:
000059 9934      	SBIC 0x6,4
00005a c001      	RJMP _0xB
00005b cffd      	RJMP _0x9
                 _0xB:
                 ; 0000 003C ADCSRA|=(1<<ADIF);
00005c 9a34      	SBI  0x6,4
                 ; 0000 003D return ADCH;
00005d b1e5      	IN   R30,0x5
00005e 9621      	ADIW R28,1
00005f 9508      	RET
                 ; 0000 003E }
                 ; .FEND
                 ;
                 ;void blink_led()
                 ; 0000 0041 {
                 _blink_led:
                 ; .FSTART _blink_led
                 ; 0000 0042     if(LED==0){LED=1;}else{LED=0;}
000060 99c4      	SBIC 0x18,4
000061 c002      	RJMP _0xC
000062 9ac4      	SBI  0x18,4
000063 c001      	RJMP _0xF
                 _0xC:
000064 98c4      	CBI  0x18,4
                 _0xF:
                 ; 0000 0043 }
000065 9508      	RET
                 ; .FEND
                 ;
                 ;unsigned char tune_peak()                    // настройка на максимум тока
                 ; 0000 0046 {
                 _tune_peak:
                 ; .FSTART _tune_peak
                 ; 0000 0047     unsigned char Iout_max=0;      //теущее значение максимального тока
                 ; 0000 0048     unsigned char Iout_max_PWMvol=0;     //значение PWM при этом токе
                 ; 0000 0049 
                 ; 0000 004A      delay_ms(100);
000066 d0fa      	RCALL __SAVELOCR2
                 ;	Iout_max -> R16
                 ;	Iout_max_PWMvol -> R17
000067 e000      	LDI  R16,0
000068 e010      	LDI  R17,0
000069 e6a4      	LDI  R26,LOW(100)
00006a e0b0      	LDI  R27,0
00006b d0eb      	RCALL _delay_ms
                 ; 0000 004B 
                 ; 0000 004C  for(i=OCR0A;i<=tuner_end_vol;i++)
00006c b676      	IN   R7,54
                 _0x13:
00006d 1457      	CP   R5,R7
00006e f408      	BRSH PC+2
00006f c015      	RJMP _0x14
                 ; 0000 004D     {
                 ; 0000 004E         blink_led();    //пока настраивается - мигаем светодиодом
000070 dfef      	RCALL _blink_led
                 ; 0000 004F         OCR0A=i;
000071 be76      	OUT  0x36,R7
                 ; 0000 0050         delay_ms(tune_delay);
000072 e3a2      	LDI  R26,LOW(50)
000073 e0b0      	LDI  R27,HIGH(50)
000074 d0e2      	RCALL _delay_ms
                 ; 0000 0051         Iout=read_adc(3);
000075 e0a3      	LDI  R26,LOW(3)
000076 dfda      	RCALL _read_adc
000077 2ece      	MOV  R12,R30
                 ; 0000 0052         if(Iout>Iout_max){Iout_max=Iout;Iout_max_PWMvol=i;}
000078 150c      	CP   R16,R12
000079 f008      	BRLO PC+2
00007a c002      	RJMP _0x15
00007b 2d0c      	MOV  R16,R12
00007c 2d17      	MOV  R17,R7
                 ; 0000 0053         if((Iout_max-Iout)>rise_limit){break;}   //прерывание цикла, если пошел спад тока
                 _0x15:
00007d 2fa0      	MOV  R26,R16
00007e 19ac      	SUB  R26,R12
00007f 30ab      	CPI  R26,LOW(0xB)
000080 f408      	BRSH PC+2
000081 c001      	RJMP _0x16
000082 c002      	RJMP _0x14
                 ; 0000 0054     }
                 _0x16:
                 _0x12:
000083 9473      	INC  R7
000084 cfe8      	RJMP _0x13
                 _0x14:
                 ; 0000 0055 
                 ; 0000 0056    if(i>=tuner_end_vol){return 0;}     //не удалось найти пик (спада не было)
000085 1475      	CP   R7,R5
000086 f408      	BRSH PC+2
000087 c004      	RJMP _0x17
000088 e0e0      	LDI  R30,LOW(0)
000089 9109      	LD   R16,Y+
00008a 9119      	LD   R17,Y+
00008b 9508      	RET
                 ; 0000 0057     OCR0A=tuner_start_vol;            //установка минимального значения тока,
                 _0x17:
00008c be46      	OUT  0x36,R4
                 ; 0000 0058     delay_ms(100);                          //т.к. у блока питания гистерезис
00008d e6a4      	LDI  R26,LOW(100)
00008e e0b0      	LDI  R27,0
00008f d0c7      	RCALL _delay_ms
                 ; 0000 0059     OCR0A=Iout_max_PWMvol-corr;        //установка максимального значения тока минус значение коррекции
000090 2fe1      	MOV  R30,R17
000091 50e1      	SUBI R30,LOW(1)
000092 bfe6      	OUT  0x36,R30
                 ; 0000 005A 
                 ; 0000 005B return Iout_max_PWMvol; //возврат значения PWM, которое было при максимальном токе (либо возврат нуля)
000093 2fe1      	MOV  R30,R17
000094 9109      	LD   R16,Y+
000095 9119      	LD   R17,Y+
000096 9508      	RET
                 ; 0000 005C }
                 ; .FEND
                 ;
                 ;unsigned char tune_peak_or_current(unsigned char adc_vol) //подбор PWM, чтобы на ADC было adc_vol или настройка на максимум тока
                 ; 0000 005F {
                 _tune_peak_or_current:
                 ; .FSTART _tune_peak_or_current
                 ; 0000 0060     unsigned char Iout_max=0;      //теущее значение максимального тока
                 ; 0000 0061     unsigned char Iout_max_PWMvol=0;     //значение PWM при этом токе
                 ; 0000 0062 
                 ; 0000 0063      delay_ms(100);
000097 93aa      	ST   -Y,R26
000098 d0c8      	RCALL __SAVELOCR2
                 ;	adc_vol -> Y+2
                 ;	Iout_max -> R16
                 ;	Iout_max_PWMvol -> R17
000099 e000      	LDI  R16,0
00009a e010      	LDI  R17,0
00009b e6a4      	LDI  R26,LOW(100)
00009c e0b0      	LDI  R27,0
00009d d0b9      	RCALL _delay_ms
                 ; 0000 0064 
                 ; 0000 0065  for(i=OCR0A;i<=tuner_end_vol;i++)
00009e b676      	IN   R7,54
                 _0x19:
00009f 1457      	CP   R5,R7
0000a0 f408      	BRSH PC+2
0000a1 c01d      	RJMP _0x1A
                 ; 0000 0066     {
                 ; 0000 0067         blink_led();    //пока настраивается - мигаем светодиодом
0000a2 dfbd      	RCALL _blink_led
                 ; 0000 0068         OCR0A=i;
0000a3 be76      	OUT  0x36,R7
                 ; 0000 0069         delay_ms(tune_delay);
0000a4 e3a2      	LDI  R26,LOW(50)
0000a5 e0b0      	LDI  R27,HIGH(50)
0000a6 d0b0      	RCALL _delay_ms
                 ; 0000 006A         Iout=read_adc(3);
0000a7 e0a3      	LDI  R26,LOW(3)
0000a8 dfa8      	RCALL _read_adc
0000a9 2ece      	MOV  R12,R30
                 ; 0000 006B         if(Iout>Iout_max){Iout_max=Iout;Iout_max_PWMvol=i;}
0000aa 150c      	CP   R16,R12
0000ab f008      	BRLO PC+2
0000ac c002      	RJMP _0x1B
0000ad 2d0c      	MOV  R16,R12
0000ae 2d17      	MOV  R17,R7
                 ; 0000 006C         if((Iout_max-Iout)>rise_limit){break;}   //прерывание цикла, если пошел спад тока
                 _0x1B:
0000af 2fa0      	MOV  R26,R16
0000b0 19ac      	SUB  R26,R12
0000b1 30ab      	CPI  R26,LOW(0xB)
0000b2 f408      	BRSH PC+2
0000b3 c001      	RJMP _0x1C
0000b4 c00a      	RJMP _0x1A
                 ; 0000 006D         if(Iout>=adc_vol){return i;}               //Настроился ток. Возвращаем значение PWM
                 _0x1C:
0000b5 81ea      	LDD  R30,Y+2
0000b6 16ce      	CP   R12,R30
0000b7 f408      	BRSH PC+2
0000b8 c004      	RJMP _0x1D
0000b9 2de7      	MOV  R30,R7
0000ba d0a9      	RCALL __LOADLOCR2
0000bb 9623      	ADIW R28,3
0000bc 9508      	RET
                 ; 0000 006E     }
                 _0x1D:
                 _0x18:
0000bd 9473      	INC  R7
0000be cfe0      	RJMP _0x19
                 _0x1A:
                 ; 0000 006F 
                 ; 0000 0070     OCR0A=tuner_start_vol;            //установка минимального значения тока,
0000bf be46      	OUT  0x36,R4
                 ; 0000 0071     delay_ms(100);                          //т.к. у блока питания гистерезис
0000c0 e6a4      	LDI  R26,LOW(100)
0000c1 e0b0      	LDI  R27,0
0000c2 d094      	RCALL _delay_ms
                 ; 0000 0072     OCR0A=Iout_max_PWMvol-corr;        //установка максимального значения тока минус значение коррекции
0000c3 2fe1      	MOV  R30,R17
0000c4 50e1      	SUBI R30,LOW(1)
0000c5 bfe6      	OUT  0x36,R30
                 ; 0000 0073 
                 ; 0000 0074 return 0; //возврат нуля, т.к. ток не настроился
0000c6 e0e0      	LDI  R30,LOW(0)
0000c7 d09c      	RCALL __LOADLOCR2
0000c8 9623      	ADIW R28,3
0000c9 9508      	RET
                 ; 0000 0075 }
                 ; .FEND
                 ;
                 ;/*unsigned char tune(unsigned char adc_vol)   //подбор PWM, чтобы на ADC было adc_vol
                 ;{
                 ;     OCR0A=tuner_start_vol;
                 ;     delay_ms(100);
                 ;
                 ;     if(read_adc(3)>=adc_vol){return 0;}   //ток сразу больше, чем надо настроить - ошибка
                 ;
                 ;    for(i=tuner_start_vol;i<=tuner_end_vol;i++)
                 ;    {
                 ;        blink_led();    //пока настраивается - мигаем светодиодом
                 ;        OCR0A=i;
                 ;        delay_ms(tune_delay);
                 ;        Iout=read_adc(3);
                 ;        if(Iout>=adc_vol){return i;}               //Настройка удалась. Возвращаем значение PWM
                 ;    }
                 ;
                 ;return 0;        //Не удалось настроиться на adc_vol
                 ;} */
                 ;
                 ;void main(void)
                 ; 0000 008B {
                 _main:
                 ; .FSTART _main
                 ; 0000 008C // Declare your local variables here
                 ; 0000 008D 
                 ; 0000 008E // Crystal Oscillator division factor: 1
                 ; 0000 008F #pragma optsize-
                 ; 0000 0090 CLKPR=(1<<CLKPCE);
0000ca e8e0      	LDI  R30,LOW(128)
0000cb bde6      	OUT  0x26,R30
                 ; 0000 0091 CLKPR=(0<<CLKPCE) | (0<<CLKPS3) | (0<<CLKPS2) | (0<<CLKPS1) | (0<<CLKPS0);
0000cc e0e0      	LDI  R30,LOW(0)
0000cd bde6      	OUT  0x26,R30
                 ; 0000 0092 #ifdef _OPTIMIZE_SIZE_
                 ; 0000 0093 #pragma optsize+
                 ; 0000 0094 #endif
                 ; 0000 0095 
                 ; 0000 0096 // Input/Output Ports initialization
                 ; 0000 0097 // Port B initialization
                 ; 0000 0098 // Function: Bit5=Out Bit4=Out Bit3=In Bit2=In Bit1=In Bit0=Out
                 ; 0000 0099 DDRB=(1<<DDB5) | (1<<DDB4) | (0<<DDB3) | (0<<DDB2) | (0<<DDB1) | (1<<DDB0);
0000ce e3e1      	LDI  R30,LOW(49)
0000cf bbe7      	OUT  0x17,R30
                 ; 0000 009A // State: Bit5=T Bit4=0 Bit3=T Bit2=T Bit1=T Bit0=0
                 ; 0000 009B PORTB=(0<<PORTB5) | (0<<PORTB4) | (0<<PORTB3) | (0<<PORTB2) | (0<<PORTB1) | (0<<PORTB0);
0000d0 e0e0      	LDI  R30,LOW(0)
0000d1 bbe8      	OUT  0x18,R30
                 ; 0000 009C 
                 ; 0000 009D // Timer/Counter 0 initialization
                 ; 0000 009E // Clock source: System Clock
                 ; 0000 009F // Clock value: 9600,000 kHz
                 ; 0000 00A0 // Mode: Fast PWM top=0xFF
                 ; 0000 00A1 // OC0A output: Non-Inverted PWM
                 ; 0000 00A2 // OC0B output: Disconnected
                 ; 0000 00A3 // Timer Period: 0,032 ms
                 ; 0000 00A4 // Output Pulse(s):
                 ; 0000 00A5 // OC0A Period: 0,032 ms Width: 0 us
                 ; 0000 00A6 TCCR0A=(1<<COM0A1) | (0<<COM0A0) | (0<<COM0B1) | (0<<COM0B0) | (1<<WGM01) | (1<<WGM00);
0000d2 e8e3      	LDI  R30,LOW(131)
0000d3 bdef      	OUT  0x2F,R30
                 ; 0000 00A7 //(0<<COM0B1) - PWM B off
                 ; 0000 00A8 //(1<<COM0B1) - PWM B off
                 ; 0000 00A9 TCCR0B=(0<<WGM02) | (0<<CS02) | (0<<CS01) | (1<<CS00);
0000d4 e0e1      	LDI  R30,LOW(1)
0000d5 bfe3      	OUT  0x33,R30
                 ; 0000 00AA 
                 ; 0000 00AB TCNT0=0x00;
0000d6 e0e0      	LDI  R30,LOW(0)
0000d7 bfe2      	OUT  0x32,R30
                 ; 0000 00AC OCR0A=85;
0000d8 e5e5      	LDI  R30,LOW(85)
0000d9 bfe6      	OUT  0x36,R30
                 ; 0000 00AD 
                 ; 0000 00AE // Timer/Counter 0 Interrupt(s) initialization
                 ; 0000 00AF TIMSK0=(0<<OCIE0B) | (0<<OCIE0A) | (0<<TOIE0);
0000da e0e0      	LDI  R30,LOW(0)
0000db bfe9      	OUT  0x39,R30
                 ; 0000 00B0 
                 ; 0000 00B1 // External Interrupt(s) initialization
                 ; 0000 00B2 // INT0: Off
                 ; 0000 00B3 // Interrupt on any change on pins PCINT0-5: Off
                 ; 0000 00B4 GIMSK=(0<<INT0) | (0<<PCIE);
0000dc bfeb      	OUT  0x3B,R30
                 ; 0000 00B5 MCUCR=(0<<ISC01) | (0<<ISC00);
0000dd bfe5      	OUT  0x35,R30
                 ; 0000 00B6 
                 ; 0000 00B7 // Analog Comparator initialization
                 ; 0000 00B8 // Analog Comparator: Off
                 ; 0000 00B9 ACSR=(1<<ACD) | (0<<ACBG) | (0<<ACO) | (0<<ACI) | (0<<ACIE) | (0<<ACIS1) | (0<<ACIS0);
0000de e8e0      	LDI  R30,LOW(128)
0000df b9e8      	OUT  0x8,R30
                 ; 0000 00BA DIDR0=0x00;
0000e0 e0e0      	LDI  R30,LOW(0)
0000e1 bbe4      	OUT  0x14,R30
                 ; 0000 00BB 
                 ; 0000 00BC // ADC initialization
                 ; 0000 00BD // ADC Clock frequency: 1000,000 kHz
                 ; 0000 00BE // ADC Bandgap Voltage Reference: On
                 ; 0000 00BF // ADC Auto Trigger Source: Free Running
                 ; 0000 00C0 // Only the 8 most significant bits of
                 ; 0000 00C1 // the AD conversion result are used
                 ; 0000 00C2 // Digital input buffers on ADC0: On, ADC1: On, ADC2: On, ADC3: On
                 ; 0000 00C3 DIDR0|=(0<<ADC0D) | (0<<ADC2D) | (0<<ADC3D) | (0<<ADC1D);
0000e2 b3e4      	IN   R30,0x14
0000e3 bbe4      	OUT  0x14,R30
                 ; 0000 00C4 ADMUX=ADC_VREF_TYPE;
0000e4 e6e0      	LDI  R30,LOW(96)
0000e5 b9e7      	OUT  0x7,R30
                 ; 0000 00C5 ADCSRA=(1<<ADEN) | (0<<ADSC) | (1<<ADATE) | (0<<ADIF) | (0<<ADIE) | (0<<ADPS2) | (1<<ADPS1) | (1<<ADPS0);
0000e6 eae3      	LDI  R30,LOW(163)
0000e7 b9e6      	OUT  0x6,R30
                 ; 0000 00C6 ADCSRB=(0<<ADTS2) | (0<<ADTS1) | (0<<ADTS0);
0000e8 e0e0      	LDI  R30,LOW(0)
0000e9 b9e3      	OUT  0x3,R30
                 ; 0000 00C7 
                 ; 0000 00C8 if(tune_peak_or_current(adc_vol_1800ma))
0000ea 2da6      	MOV  R26,R6
0000eb dfab      	RCALL _tune_peak_or_current
0000ec 30e0      	CPI  R30,0
0000ed f409      	BRNE PC+2
0000ee c002      	RJMP _0x1E
                 ; 0000 00C9 {LED=1;}else{LED=0;}   //Настройка на заданный ток удалась - включаем светодиод
0000ef 9ac4      	SBI  0x18,4
0000f0 c001      	RJMP _0x21
                 _0x1E:
0000f1 98c4      	CBI  0x18,4
                 _0x21:
                 ; 0000 00CA 
                 ; 0000 00CB while (1)
                 _0x24:
                 ; 0000 00CC       {
                 ; 0000 00CD       // Place your code here
                 ; 0000 00CE 
                 ; 0000 00CF             if(PINB.1==0){key1_pressed_counter=0;}
0000f2 99b1      	SBIC 0x16,1
0000f3 c002      	RJMP _0x27
0000f4 2488      	CLR  R8
0000f5 2499      	CLR  R9
                 ; 0000 00D0             if(PINB.1==1){key1_pressed_counter++;}
                 _0x27:
0000f6 9bb1      	SBIS 0x16,1
0000f7 c006      	RJMP _0x28
                +
0000f8 2de8     +MOV R30 , R8
0000f9 2df9     +MOV R31 , R9
                 	__GETW1R 8,9
0000fa 9631      	ADIW R30,1
                +
0000fb 2e8e     +MOV R8 , R30
0000fc 2e9f     +MOV R9 , R31
                 	__PUTW1R 8,9
0000fd 9731      	SBIW R30,1
                 ; 0000 00D1             if(key1_pressed_counter==key_pressed_counter_max){key1_pressed_counter=0;}
                 _0x28:
0000fe e0ef      	LDI  R30,LOW(15)
0000ff e0f0      	LDI  R31,HIGH(15)
000100 15e8      	CP   R30,R8
000101 05f9      	CPC  R31,R9
000102 f009      	BREQ PC+2
000103 c002      	RJMP _0x29
000104 2488      	CLR  R8
000105 2499      	CLR  R9
                 ; 0000 00D2 
                 ; 0000 00D3 
                 ; 0000 00D4             if(PINB.2==0){key2_pressed_counter=0;}
                 _0x29:
000106 99b2      	SBIC 0x16,2
000107 c002      	RJMP _0x2A
000108 24aa      	CLR  R10
000109 24bb      	CLR  R11
                 ; 0000 00D5             if(PINB.2==1){key2_pressed_counter++;}
                 _0x2A:
00010a 9bb2      	SBIS 0x16,2
00010b c006      	RJMP _0x2B
                +
00010c 2dea     +MOV R30 , R10
00010d 2dfb     +MOV R31 , R11
                 	__GETW1R 10,11
00010e 9631      	ADIW R30,1
                +
00010f 2eae     +MOV R10 , R30
000110 2ebf     +MOV R11 , R31
                 	__PUTW1R 10,11
000111 9731      	SBIW R30,1
                 ; 0000 00D6             if(key2_pressed_counter==key_pressed_counter_max){key2_pressed_counter=0;}
                 _0x2B:
000112 e0ef      	LDI  R30,LOW(15)
000113 e0f0      	LDI  R31,HIGH(15)
000114 15ea      	CP   R30,R10
000115 05fb      	CPC  R31,R11
000116 f009      	BREQ PC+2
000117 c002      	RJMP _0x2C
000118 24aa      	CLR  R10
000119 24bb      	CLR  R11
                 ; 0000 00D7 
                 ; 0000 00D8 
                 ; 0000 00D9            delay_ms(main_delay);
                 _0x2C:
00011a e0aa      	LDI  R26,LOW(10)
00011b e0b0      	LDI  R27,HIGH(10)
00011c d03a      	RCALL _delay_ms
                 ; 0000 00DA 
                 ; 0000 00DB 
                 ; 0000 00DC 
                 ; 0000 00DD            if((key1_pressed_counter==key_pressed_counter_min)&&(key2_pressed_counter==0))    //если кнопка 1, то увеличение тока
00011d e0e1      	LDI  R30,LOW(1)
00011e e0f0      	LDI  R31,HIGH(1)
00011f 15e8      	CP   R30,R8
000120 05f9      	CPC  R31,R9
000121 f009      	BREQ PC+2
000122 c006      	RJMP _0x2E
000123 2400      	CLR  R0
000124 140a      	CP   R0,R10
000125 040b      	CPC  R0,R11
000126 f009      	BREQ PC+2
000127 c001      	RJMP _0x2E
000128 c001      	RJMP _0x2F
                 _0x2E:
000129 c008      	RJMP _0x2D
                 _0x2F:
                 ; 0000 00DE            {
                 ; 0000 00DF                 LED=1;
00012a 9ac4      	SBI  0x18,4
                 ; 0000 00E0                 delay_ms(5);
00012b e0a5      	LDI  R26,LOW(5)
00012c e0b0      	LDI  R27,0
00012d d029      	RCALL _delay_ms
                 ; 0000 00E1                 OCR0A++;
00012e b7e6      	IN   R30,0x36
00012f 5fef      	SUBI R30,-LOW(1)
000130 bfe6      	OUT  0x36,R30
                 ; 0000 00E2                 LED=0;
000131 98c4      	CBI  0x18,4
                 ; 0000 00E3            }
                 ; 0000 00E4 
                 ; 0000 00E5 
                 ; 0000 00E6           if((key2_pressed_counter==key_pressed_counter_min)&&(key1_pressed_counter==0))     //если кнопка 2, то уменьшение тока
                 _0x2D:
000132 e0e1      	LDI  R30,LOW(1)
000133 e0f0      	LDI  R31,HIGH(1)
000134 15ea      	CP   R30,R10
000135 05fb      	CPC  R31,R11
000136 f009      	BREQ PC+2
000137 c006      	RJMP _0x35
000138 2400      	CLR  R0
000139 1408      	CP   R0,R8
00013a 0409      	CPC  R0,R9
00013b f009      	BREQ PC+2
00013c c001      	RJMP _0x35
00013d c001      	RJMP _0x36
                 _0x35:
00013e c008      	RJMP _0x34
                 _0x36:
                 ; 0000 00E7            {
                 ; 0000 00E8                 LED=1;
00013f 9ac4      	SBI  0x18,4
                 ; 0000 00E9                 delay_ms(5);
000140 e0a5      	LDI  R26,LOW(5)
000141 e0b0      	LDI  R27,0
000142 d014      	RCALL _delay_ms
                 ; 0000 00EA                 OCR0A--;
000143 b7e6      	IN   R30,0x36
000144 50e1      	SUBI R30,LOW(1)
000145 bfe6      	OUT  0x36,R30
                 ; 0000 00EB                 LED=0;
000146 98c4      	CBI  0x18,4
                 ; 0000 00EC            }
                 ; 0000 00ED 
                 ; 0000 00EE           if((PINB.1==1)&&(PINB.2==1))     //если нажаты обе кнопки, то настройка на макс тока
                 _0x34:
000147 9bb1      	SBIS 0x16,1
000148 c003      	RJMP _0x3C
000149 9bb2      	SBIS 0x16,2
00014a c001      	RJMP _0x3C
00014b c001      	RJMP _0x3D
                 _0x3C:
00014c c008      	RJMP _0x3B
                 _0x3D:
                 ; 0000 00EF           {
                 ; 0000 00F0                 LED=0;
00014d 98c4      	CBI  0x18,4
                 ; 0000 00F1                 if(tune_peak()){LED=1;}else{LED=0;};
00014e df17      	RCALL _tune_peak
00014f 30e0      	CPI  R30,0
000150 f409      	BRNE PC+2
000151 c002      	RJMP _0x40
000152 9ac4      	SBI  0x18,4
000153 c001      	RJMP _0x43
                 _0x40:
000154 98c4      	CBI  0x18,4
                 _0x43:
                 ; 0000 00F2           }
                 ; 0000 00F3 
                 ; 0000 00F4 
                 ; 0000 00F5       }
                 _0x3B:
000155 cf9c      	RJMP _0x24
                 _0x26:
                 ; 0000 00F6 }
                 _0x46:
000156 cfff      	RJMP _0x46
                 ; .FEND
                 
                 	.CSEG
                 
                 	.CSEG
                 _delay_ms:
000157 9610      	adiw r26,0
000158 f039      	breq __delay_ms1
                 __delay_ms0:
                +
000159 ed80     +LDI R24 , LOW ( 0x7D0 )
00015a e097     +LDI R25 , HIGH ( 0x7D0 )
                +__DELAY_USW_LOOP :
00015b 9701     +SBIW R24 , 1
00015c f7f1     +BRNE __DELAY_USW_LOOP
                 	__DELAY_USW 0x7D0
00015d 95a8      	wdr
00015e 9711      	sbiw r26,1
00015f f7c9      	brne __delay_ms0
                 __delay_ms1:
000160 9508      	ret
                 
                 __SAVELOCR2:
000161 931a      	ST   -Y,R17
000162 930a      	ST   -Y,R16
000163 9508      	RET
                 
                 __LOADLOCR2:
000164 8119      	LDD  R17,Y+1
000165 8108      	LD   R16,Y
000166 9508      	RET
                 
                 ;END OF CODE MARKER
                 __END_OF_CODE:


RESOURCE USE INFORMATION
------------------------

Notice:
The register and instruction counts are symbol table hit counts,
and hence implicitly used resources are not counted, eg, the
'lpm' instruction without operands implicitly uses r0 and z,
none of which are counted.

x,y,z are separate entities in the symbol table and are
counted separately from r26..r31 here.

.dseg memory usage only counts static data declared with .byte

ATtiny13 register use summary:
r0 :  13 r1 :   2 r2 :   0 r3 :   0 r4 :   2 r5 :   3 r6 :   1 r7 :  12 
r8 :   7 r9 :   7 r10:   7 r11:   7 r12:   9 r13:   0 r14:   0 r15:   0 
r16:  12 r17:  11 r18:   0 r19:   0 r20:   0 r21:   0 r22:   2 r23:   2 
r24:  11 r25:   2 r26:  28 r27:  10 r28:   4 r29:   0 r30:  93 r31:  18 
x  :   3 y  :  12 z  :   0 
Registers used: 24 out of 35 (68.6%)

ATtiny13 instruction use summary:
.lds  :   0 .lds.l:   0 .sts  :   0 .sts.l:   0 adc   :   0 add   :   0 
adiw  :  13 and   :   0 andi  :   0 asr   :   0 bclr  :   0 bld   :   0 
brbc  :   0 brbs  :   0 brcc  :   0 brcs  :   0 break :   0 breq  :   8 
brge  :   0 brhc  :   0 brhs  :   0 brid  :   0 brie  :   0 brlo  :   2 
brlt  :   0 brmi  :   0 brne  :   8 brpl  :   0 brsh  :   6 brtc  :   0 
brts  :   0 brvc  :   0 brvs  :   0 bset  :   0 bst   :   0 cbi   :   6 
cbr   :   1 clc   :   0 clh   :   0 cli   :   1 cln   :   0 clr   :  11 
cls   :   0 clt   :   0 clv   :   0 clz   :   0 com   :   0 cp    :  12 
cpc   :   6 cpi   :   4 cpse  :   0 dec   :   3 des   :   0 eor   :   0 
fmul  :   0 fmuls :   0 fmulsu:   0 icall :   0 ijmp  :   0 in    :   7 
inc   :   2 ld    :   6 ldd   :   2 ldi   :  60 lds   :   0 lpm   :  21 
lsl   :   0 lsr   :   0 mov   :  32 movw  :   0 mul   :   0 muls  :   0 
mulsu :   0 neg   :   0 nop   :   0 or    :   0 ori   :   1 out   :  32 
pop   :   0 push  :   0 rcall :  19 ret   :   9 reti  :   0 rjmp  :  52 
rol   :   0 ror   :   0 sbc   :   0 sbci  :   0 sbi   :   7 sbic  :   4 
sbis  :   4 sbiw  :   6 sbr   :   0 sbrc  :   0 sbrs  :   0 sec   :   0 
seh   :   0 sei   :   0 sen   :   0 ser   :   0 ses   :   0 set   :   0 
sev   :   0 sez   :   0 sleep :   0 spm   :   0 st    :   7 std   :   0 
sts   :   0 sub   :   2 subi  :   4 swap  :   0 tst   :   0 wdr   :   1 

Instructions used: 33 out of 114 (28.9%)

ATtiny13 memory use summary [bytes]:
Segment   Begin    End      Code   Data   Used    Size   Use%
---------------------------------------------------------------
[.cseg] 0x000000 0x0002ce    690     28    718    1024  70.1%
[.dseg] 0x000060 0x000070      0      0      0      64   0.0%
[.eseg] 0x000000 0x000000      0      0      0      64   0.0%

Assembly complete, 0 errors, 13 warnings
